[debug] [2020-09-03T09:19:51.284Z] ----------------------------------------------------------------------
[debug] [2020-09-03T09:19:51.285Z] Command:       /usr/local/bin/node /usr/local/bin/firebase deploy --only hosting:itxcc-angular-tour-of-heroes
[debug] [2020-09-03T09:19:51.286Z] CLI Version:   8.9.2
[debug] [2020-09-03T09:19:51.286Z] Platform:      darwin
[debug] [2020-09-03T09:19:51.286Z] Node Version:  v12.16.1
[debug] [2020-09-03T09:19:51.286Z] Time:          Thu Sep 03 2020 17:19:51 GMT+0800 (GMT+08:00)
[debug] [2020-09-03T09:19:51.286Z] ----------------------------------------------------------------------
[debug] [2020-09-03T09:19:51.287Z] 
[debug] [2020-09-03T09:19:51.293Z] > command requires scopes: ["email","openid","https://www.googleapis.com/auth/cloudplatformprojects.readonly","https://www.googleapis.com/auth/firebase","https://www.googleapis.com/auth/cloud-platform"]
[debug] [2020-09-03T09:19:51.294Z] > authorizing via signed-in user
[debug] [2020-09-03T09:19:51.294Z] [iam] checking project web-app-5d739 for permissions ["firebase.projects.get","firebasehosting.sites.update"]
[debug] [2020-09-03T09:19:51.296Z] >>> HTTP REQUEST POST https://cloudresourcemanager.googleapis.com/v1/projects/web-app-5d739:testIamPermissions  
 {"permissions":["firebase.projects.get","firebasehosting.sites.update"]}
[debug] [2020-09-03T09:19:52.024Z] <<< HTTP RESPONSE 200 {"content-type":"application/json; charset=UTF-8","vary":"X-Origin, Referer, Origin,Accept-Encoding","date":"Thu, 03 Sep 2020 09:19:51 GMT","server":"ESF","cache-control":"private","x-xss-protection":"0","x-frame-options":"SAMEORIGIN","x-content-type-options":"nosniff","server-timing":"gfet4t7; dur=235","alt-svc":"h3-29=\":443\"; ma=2592000,h3-27=\":443\"; ma=2592000,h3-T051=\":443\"; ma=2592000,h3-T050=\":443\"; ma=2592000,h3-Q050=\":443\"; ma=2592000,h3-Q046=\":443\"; ma=2592000,h3-Q043=\":443\"; ma=2592000,quic=\":443\"; ma=2592000; v=\"46,43\"","accept-ranges":"none","transfer-encoding":"chunked"}
[debug] [2020-09-03T09:19:52.026Z] >>> HTTP REQUEST GET https://firebase.googleapis.com/v1beta1/projects/web-app-5d739  
 
[debug] [2020-09-03T09:19:52.590Z] <<< HTTP RESPONSE 200 {"content-type":"application/json; charset=UTF-8","vary":"X-Origin, Referer, Origin,Accept-Encoding","date":"Thu, 03 Sep 2020 09:19:52 GMT","server":"ESF","cache-control":"private","x-xss-protection":"0","x-frame-options":"SAMEORIGIN","x-content-type-options":"nosniff","alt-svc":"h3-29=\":443\"; ma=2592000,h3-27=\":443\"; ma=2592000,h3-T051=\":443\"; ma=2592000,h3-T050=\":443\"; ma=2592000,h3-Q050=\":443\"; ma=2592000,h3-Q046=\":443\"; ma=2592000,h3-Q043=\":443\"; ma=2592000,quic=\":443\"; ma=2592000; v=\"46,43\"","accept-ranges":"none","transfer-encoding":"chunked"}
[info] 
[info] === Deploying to 'web-app-5d739'...
[info] 
[info] i  deploying hosting 
[info] 
[info] ✔  Deploy complete! 
[info] 
[info] Project Console: https://console.firebase.google.com/project/web-app-5d739/overview
[debug] [2020-09-03T09:19:54.103Z] TypeError: Cannot read property 'deploys' of undefined
    at /usr/local/lib/node_modules/firebase-tools/lib/deploy/index.js:84:36
    at processTicksAndRejections (internal/process/task_queues.js:97:5)
[error] 
[error] Error: An unexpected error has occurred.
[debug] [2020-09-03T09:20:24.069Z] ----------------------------------------------------------------------
[debug] [2020-09-03T09:20:24.071Z] Command:       /usr/local/bin/node /usr/local/bin/firebase deploy --only hosting:itxcc-angular-tour-of-heroes
[debug] [2020-09-03T09:20:24.071Z] CLI Version:   8.9.2
[debug] [2020-09-03T09:20:24.071Z] Platform:      darwin
[debug] [2020-09-03T09:20:24.072Z] Node Version:  v12.16.1
[debug] [2020-09-03T09:20:24.072Z] Time:          Thu Sep 03 2020 17:20:24 GMT+0800 (GMT+08:00)
[debug] [2020-09-03T09:20:24.072Z] ----------------------------------------------------------------------
[debug] [2020-09-03T09:20:24.072Z] 
[debug] [2020-09-03T09:20:24.079Z] > command requires scopes: ["email","openid","https://www.googleapis.com/auth/cloudplatformprojects.readonly","https://www.googleapis.com/auth/firebase","https://www.googleapis.com/auth/cloud-platform"]
[debug] [2020-09-03T09:20:24.079Z] > authorizing via signed-in user
[debug] [2020-09-03T09:20:24.079Z] [iam] checking project web-app-5d739 for permissions ["firebase.projects.get","firebasehosting.sites.update"]
[debug] [2020-09-03T09:20:24.082Z] >>> HTTP REQUEST POST https://cloudresourcemanager.googleapis.com/v1/projects/web-app-5d739:testIamPermissions  
 {"permissions":["firebase.projects.get","firebasehosting.sites.update"]}
[debug] [2020-09-03T09:20:24.769Z] <<< HTTP RESPONSE 200 {"content-type":"application/json; charset=UTF-8","vary":"X-Origin, Referer, Origin,Accept-Encoding","date":"Thu, 03 Sep 2020 09:20:24 GMT","server":"ESF","cache-control":"private","x-xss-protection":"0","x-frame-options":"SAMEORIGIN","x-content-type-options":"nosniff","server-timing":"gfet4t7; dur=194","alt-svc":"h3-29=\":443\"; ma=2592000,h3-27=\":443\"; ma=2592000,h3-T051=\":443\"; ma=2592000,h3-T050=\":443\"; ma=2592000,h3-Q050=\":443\"; ma=2592000,h3-Q046=\":443\"; ma=2592000,h3-Q043=\":443\"; ma=2592000,quic=\":443\"; ma=2592000; v=\"46,43\"","accept-ranges":"none","transfer-encoding":"chunked"}
[debug] [2020-09-03T09:20:24.771Z] >>> HTTP REQUEST GET https://firebase.googleapis.com/v1beta1/projects/web-app-5d739  
 
[debug] [2020-09-03T09:20:25.362Z] <<< HTTP RESPONSE 200 {"content-type":"application/json; charset=UTF-8","vary":"X-Origin, Referer, Origin,Accept-Encoding","date":"Thu, 03 Sep 2020 09:20:25 GMT","server":"ESF","cache-control":"private","x-xss-protection":"0","x-frame-options":"SAMEORIGIN","x-content-type-options":"nosniff","alt-svc":"h3-29=\":443\"; ma=2592000,h3-27=\":443\"; ma=2592000,h3-T051=\":443\"; ma=2592000,h3-T050=\":443\"; ma=2592000,h3-Q050=\":443\"; ma=2592000,h3-Q046=\":443\"; ma=2592000,h3-Q043=\":443\"; ma=2592000,quic=\":443\"; ma=2592000; v=\"46,43\"","accept-ranges":"none","transfer-encoding":"chunked"}
[info] 
[info] === Deploying to 'web-app-5d739'...
[info] 
[info] i  deploying hosting 
[info] 
[info] ✔  Deploy complete! 
[info] 
[info] Project Console: https://console.firebase.google.com/project/web-app-5d739/overview
[debug] [2020-09-03T09:20:26.781Z] TypeError: Cannot read property 'deploys' of undefined
    at /usr/local/lib/node_modules/firebase-tools/lib/deploy/index.js:84:36
    at processTicksAndRejections (internal/process/task_queues.js:97:5)
[error] 
[error] Error: An unexpected error has occurred.
[debug] [2020-09-03T09:20:56.772Z] ----------------------------------------------------------------------
[debug] [2020-09-03T09:20:56.774Z] Command:       /usr/local/bin/node /usr/local/bin/firebase deploy --only hosting:itxcc-angular-tour-of-heroes
[debug] [2020-09-03T09:20:56.774Z] CLI Version:   8.9.2
[debug] [2020-09-03T09:20:56.775Z] Platform:      darwin
[debug] [2020-09-03T09:20:56.775Z] Node Version:  v12.16.1
[debug] [2020-09-03T09:20:56.775Z] Time:          Thu Sep 03 2020 17:20:56 GMT+0800 (GMT+08:00)
[debug] [2020-09-03T09:20:56.775Z] ----------------------------------------------------------------------
[debug] [2020-09-03T09:20:56.776Z] 
[debug] [2020-09-03T09:20:56.782Z] > command requires scopes: ["email","openid","https://www.googleapis.com/auth/cloudplatformprojects.readonly","https://www.googleapis.com/auth/firebase","https://www.googleapis.com/auth/cloud-platform"]
[debug] [2020-09-03T09:20:56.783Z] > authorizing via signed-in user
[debug] [2020-09-03T09:20:56.783Z] [iam] checking project itxcc-angular-tour-of-heroes for permissions ["firebase.projects.get","firebasehosting.sites.update"]
[debug] [2020-09-03T09:20:56.786Z] >>> HTTP REQUEST POST https://cloudresourcemanager.googleapis.com/v1/projects/itxcc-angular-tour-of-heroes:testIamPermissions  
 {"permissions":["firebase.projects.get","firebasehosting.sites.update"]}
[debug] [2020-09-03T09:20:57.522Z] <<< HTTP RESPONSE 200 {"content-type":"application/json; charset=UTF-8","vary":"X-Origin, Referer, Origin,Accept-Encoding","date":"Thu, 03 Sep 2020 09:20:57 GMT","server":"ESF","cache-control":"private","x-xss-protection":"0","x-frame-options":"SAMEORIGIN","x-content-type-options":"nosniff","server-timing":"gfet4t7; dur=253","alt-svc":"h3-29=\":443\"; ma=2592000,h3-27=\":443\"; ma=2592000,h3-T051=\":443\"; ma=2592000,h3-T050=\":443\"; ma=2592000,h3-Q050=\":443\"; ma=2592000,h3-Q046=\":443\"; ma=2592000,h3-Q043=\":443\"; ma=2592000,quic=\":443\"; ma=2592000; v=\"46,43\"","accept-ranges":"none","transfer-encoding":"chunked"}
[debug] [2020-09-03T09:20:57.523Z] [iam] error while checking permissions, command may fail: FirebaseError: Authorization failed. This account is missing the following required permissions on project itxcc-angular-tour-of-heroes:

  firebase.projects.get
  firebasehosting.sites.update
[debug] [2020-09-03T09:20:57.524Z] >>> HTTP REQUEST GET https://firebase.googleapis.com/v1beta1/projects/itxcc-angular-tour-of-heroes  
 
[debug] [2020-09-03T09:20:59.413Z] <<< HTTP RESPONSE 403 {"vary":"X-Origin, Referer, Origin,Accept-Encoding","content-type":"application/json; charset=UTF-8","date":"Thu, 03 Sep 2020 09:20:59 GMT","server":"ESF","cache-control":"private","x-xss-protection":"0","x-frame-options":"SAMEORIGIN","x-content-type-options":"nosniff","alt-svc":"h3-29=\":443\"; ma=2592000,h3-27=\":443\"; ma=2592000,h3-T051=\":443\"; ma=2592000,h3-T050=\":443\"; ma=2592000,h3-Q050=\":443\"; ma=2592000,h3-Q046=\":443\"; ma=2592000,h3-Q043=\":443\"; ma=2592000,quic=\":443\"; ma=2592000; v=\"46,43\"","accept-ranges":"none","transfer-encoding":"chunked"}
[debug] [2020-09-03T09:20:59.413Z] <<< HTTP RESPONSE BODY {"error":{"code":403,"message":"The caller does not have permission","status":"PERMISSION_DENIED"}}
[debug] [2020-09-03T09:20:59.414Z] HTTP Error: 403, The caller does not have permission
[debug] [2020-09-03T09:21:00.293Z] FirebaseError: HTTP Error: 403, The caller does not have permission
    at module.exports (/usr/local/lib/node_modules/firebase-tools/lib/responseToError.js:38:12)
    at Request._callback (/usr/local/lib/node_modules/firebase-tools/lib/api.js:41:35)
    at Request.self.callback (/usr/local/lib/node_modules/firebase-tools/node_modules/request/request.js:185:22)
    at Request.emit (events.js:311:20)
    at Request.EventEmitter.emit (domain.js:482:12)
    at Request.<anonymous> (/usr/local/lib/node_modules/firebase-tools/node_modules/request/request.js:1154:10)
    at Request.emit (events.js:311:20)
    at Request.EventEmitter.emit (domain.js:482:12)
    at IncomingMessage.<anonymous> (/usr/local/lib/node_modules/firebase-tools/node_modules/request/request.js:1076:12)
    at Object.onceWrapper (events.js:417:28)
    at IncomingMessage.emit (events.js:323:22)
    at IncomingMessage.EventEmitter.emit (domain.js:482:12)
    at endReadableNT (_stream_readable.js:1204:12)
    at processTicksAndRejections (internal/process/task_queues.js:84:21)
[error] 
[error] Error: Failed to get Firebase project itxcc-angular-tour-of-heroes. Please make sure the project exists and your account has permission to access it.
[debug] [2020-09-03T09:23:05.317Z] ----------------------------------------------------------------------
[debug] [2020-09-03T09:23:05.319Z] Command:       /usr/local/bin/node /usr/local/bin/firebase init
[debug] [2020-09-03T09:23:05.319Z] CLI Version:   8.9.2
[debug] [2020-09-03T09:23:05.320Z] Platform:      darwin
[debug] [2020-09-03T09:23:05.320Z] Node Version:  v12.16.1
[debug] [2020-09-03T09:23:05.320Z] Time:          Thu Sep 03 2020 17:23:05 GMT+0800 (GMT+08:00)
[debug] [2020-09-03T09:23:05.321Z] ----------------------------------------------------------------------
[debug] [2020-09-03T09:23:05.321Z] 
[debug] [2020-09-03T09:23:05.330Z] > command requires scopes: ["email","openid","https://www.googleapis.com/auth/cloudplatformprojects.readonly","https://www.googleapis.com/auth/firebase","https://www.googleapis.com/auth/cloud-platform"]
[debug] [2020-09-03T09:23:05.331Z] > authorizing via signed-in user
[info] 
     ######## #### ########  ######## ########     ###     ######  ########
     ##        ##  ##     ## ##       ##     ##  ##   ##  ##       ##
     ######    ##  ########  ######   ########  #########  ######  ######
     ##        ##  ##    ##  ##       ##     ## ##     ##       ## ##
     ##       #### ##     ## ######## ########  ##     ##  ######  ########

You're about to initialize a Firebase project in this directory:

  /Users/itxcc/Coding/Coding/angular-tour-of-heroes

Before we get started, keep in mind:

  * You are initializing in an existing Firebase project directory

[info] 
=== Project Setup
[info] 
[info] First, let's associate this project directory with a Firebase project.
[info] You can create multiple project aliases by running firebase use --add, 
[info] but for now we'll just set up a default project.
[info] 
[info] i  .firebaserc already has a default project, using itxcc-angular-tour-of-heroes. 
[debug] [2020-09-03T09:23:12.694Z] >>> HTTP REQUEST GET https://firebase.googleapis.com/v1beta1/projects/itxcc-angular-tour-of-heroes  
 
[debug] [2020-09-03T09:23:13.306Z] <<< HTTP RESPONSE 403 {"vary":"X-Origin, Referer, Origin,Accept-Encoding","content-type":"application/json; charset=UTF-8","date":"Thu, 03 Sep 2020 09:23:13 GMT","server":"ESF","cache-control":"private","x-xss-protection":"0","x-frame-options":"SAMEORIGIN","x-content-type-options":"nosniff","alt-svc":"h3-29=\":443\"; ma=2592000,h3-27=\":443\"; ma=2592000,h3-T051=\":443\"; ma=2592000,h3-T050=\":443\"; ma=2592000,h3-Q050=\":443\"; ma=2592000,h3-Q046=\":443\"; ma=2592000,h3-Q043=\":443\"; ma=2592000,quic=\":443\"; ma=2592000; v=\"46,43\"","accept-ranges":"none","transfer-encoding":"chunked"}
[debug] [2020-09-03T09:23:13.306Z] <<< HTTP RESPONSE BODY {"error":{"code":403,"message":"The caller does not have permission","status":"PERMISSION_DENIED"}}
[debug] [2020-09-03T09:23:13.307Z] HTTP Error: 403, The caller does not have permission
[debug] [2020-09-03T09:23:14.178Z] FirebaseError: HTTP Error: 403, The caller does not have permission
    at module.exports (/usr/local/lib/node_modules/firebase-tools/lib/responseToError.js:38:12)
    at Request._callback (/usr/local/lib/node_modules/firebase-tools/lib/api.js:41:35)
    at Request.self.callback (/usr/local/lib/node_modules/firebase-tools/node_modules/request/request.js:185:22)
    at Request.emit (events.js:311:20)
    at Request.EventEmitter.emit (domain.js:482:12)
    at Request.<anonymous> (/usr/local/lib/node_modules/firebase-tools/node_modules/request/request.js:1154:10)
    at Request.emit (events.js:311:20)
    at Request.EventEmitter.emit (domain.js:482:12)
    at IncomingMessage.<anonymous> (/usr/local/lib/node_modules/firebase-tools/node_modules/request/request.js:1076:12)
    at Object.onceWrapper (events.js:417:28)
    at IncomingMessage.emit (events.js:323:22)
    at IncomingMessage.EventEmitter.emit (domain.js:482:12)
    at endReadableNT (_stream_readable.js:1204:12)
    at processTicksAndRejections (internal/process/task_queues.js:84:21)
[error] 
[error] Error: Failed to get Firebase project itxcc-angular-tour-of-heroes. Please make sure the project exists and your account has permission to access it.
[debug] [2020-09-03T09:23:18.087Z] ----------------------------------------------------------------------
[debug] [2020-09-03T09:23:18.089Z] Command:       /usr/local/bin/node /usr/local/bin/firebase init
[debug] [2020-09-03T09:23:18.089Z] CLI Version:   8.9.2
[debug] [2020-09-03T09:23:18.089Z] Platform:      darwin
[debug] [2020-09-03T09:23:18.089Z] Node Version:  v12.16.1
[debug] [2020-09-03T09:23:18.090Z] Time:          Thu Sep 03 2020 17:23:18 GMT+0800 (GMT+08:00)
[debug] [2020-09-03T09:23:18.090Z] ----------------------------------------------------------------------
[debug] [2020-09-03T09:23:18.090Z] 
[debug] [2020-09-03T09:23:18.095Z] > command requires scopes: ["email","openid","https://www.googleapis.com/auth/cloudplatformprojects.readonly","https://www.googleapis.com/auth/firebase","https://www.googleapis.com/auth/cloud-platform"]
[debug] [2020-09-03T09:23:18.095Z] > authorizing via signed-in user
[info] 
     ######## #### ########  ######## ########     ###     ######  ########
     ##        ##  ##     ## ##       ##     ##  ##   ##  ##       ##
     ######    ##  ########  ######   ########  #########  ######  ######
     ##        ##  ##    ##  ##       ##     ## ##     ##       ## ##
     ##       #### ##     ## ######## ########  ##     ##  ######  ########

You're about to initialize a Firebase project in this directory:

  /Users/itxcc/Coding/Coding/angular-tour-of-heroes

Before we get started, keep in mind:

  * You are initializing in an existing Firebase project directory

[info] 
=== Project Setup
[info] 
[info] First, let's associate this project directory with a Firebase project.
[info] You can create multiple project aliases by running firebase use --add, 
[info] but for now we'll just set up a default project.
[info] 
[info] i  .firebaserc already has a default project, using itxcc-angular-tour-of-heroes. 
[debug] [2020-09-03T09:23:19.773Z] >>> HTTP REQUEST GET https://firebase.googleapis.com/v1beta1/projects/itxcc-angular-tour-of-heroes  
 
[debug] [2020-09-03T09:23:20.344Z] <<< HTTP RESPONSE 403 {"vary":"X-Origin, Referer, Origin,Accept-Encoding","content-type":"application/json; charset=UTF-8","date":"Thu, 03 Sep 2020 09:23:20 GMT","server":"ESF","cache-control":"private","x-xss-protection":"0","x-frame-options":"SAMEORIGIN","x-content-type-options":"nosniff","alt-svc":"h3-29=\":443\"; ma=2592000,h3-27=\":443\"; ma=2592000,h3-T051=\":443\"; ma=2592000,h3-T050=\":443\"; ma=2592000,h3-Q050=\":443\"; ma=2592000,h3-Q046=\":443\"; ma=2592000,h3-Q043=\":443\"; ma=2592000,quic=\":443\"; ma=2592000; v=\"46,43\"","accept-ranges":"none","transfer-encoding":"chunked"}
[debug] [2020-09-03T09:23:20.344Z] <<< HTTP RESPONSE BODY {"error":{"code":403,"message":"The caller does not have permission","status":"PERMISSION_DENIED"}}
[debug] [2020-09-03T09:23:20.345Z] HTTP Error: 403, The caller does not have permission
[debug] [2020-09-03T09:23:21.031Z] FirebaseError: HTTP Error: 403, The caller does not have permission
    at module.exports (/usr/local/lib/node_modules/firebase-tools/lib/responseToError.js:38:12)
    at Request._callback (/usr/local/lib/node_modules/firebase-tools/lib/api.js:41:35)
    at Request.self.callback (/usr/local/lib/node_modules/firebase-tools/node_modules/request/request.js:185:22)
    at Request.emit (events.js:311:20)
    at Request.EventEmitter.emit (domain.js:482:12)
    at Request.<anonymous> (/usr/local/lib/node_modules/firebase-tools/node_modules/request/request.js:1154:10)
    at Request.emit (events.js:311:20)
    at Request.EventEmitter.emit (domain.js:482:12)
    at IncomingMessage.<anonymous> (/usr/local/lib/node_modules/firebase-tools/node_modules/request/request.js:1076:12)
    at Object.onceWrapper (events.js:417:28)
    at IncomingMessage.emit (events.js:323:22)
    at IncomingMessage.EventEmitter.emit (domain.js:482:12)
    at endReadableNT (_stream_readable.js:1204:12)
    at processTicksAndRejections (internal/process/task_queues.js:84:21)
[error] 
[error] Error: Failed to get Firebase project itxcc-angular-tour-of-heroes. Please make sure the project exists and your account has permission to access it.
